src/common.js
src/DragEvent.js
src/Interface.js
src/Interval.js
src/OrderedHash.js
src/Parameter.js
src/Selection.js
src/Utilities.js
src/commands/Command.js
src/commands/ClearCommand.js
src/commands/DeleteCommand.js
src/commands/DumpAllCommand.js
src/commands/ExportFiltersCommand.js
src/commands/MoveSelectionCommand.js
src/commands/NewCommand.js
src/commands/OpenCommand.js
src/commands/SaveCommand.js
src/commands/SaveAsCommand.js
src/commands/SelectAllCommand.js
src/commands/ViewSVGCommand.js
src/types/AttributeType.js
src/types/CTFunctionType.js
src/types/FEMergeNodeType.js
src/types/NodeType.js
src/types/StdInOrReferenceType.js
src/widgets/Widget.js
src/widgets/Button.js
src/widgets/Console.js
src/widgets/DAGNode.js
src/widgets/Edge.js
src/widgets/InfoBar.js
src/widgets/MenuBar.js
src/widgets/MenuItem.js
src/widgets/MouseRegion.js
src/widgets/Port.js
src/widgets/Element.js
src/widgets/Literal.js
src/widgets/Background.js
src/widgets/DragRegion.js
src/DAGFilterApp.js
